<?xml version="1.0" encoding="UTF-8"?>
<!-- Generated by org.testng.reporters.JUnitXMLReporter -->
<testsuite hostname="Sakunthalas-MacBook-Air.local" ignored="0" name="Test" tests="2" failures="0" timestamp="2022-01-21T17:01:54 IST" time="20.923" errors="0">
  <testcase name="@BeforeClass setup" time="20.813" classname="com.Appmaker.Pages.BaseClass">
    <failure type="org.openqa.selenium.SessionNotCreatedException" message="Could not start a new session. Possible causes are invalid address of the remote server or browser start-up failure.">
      <![CDATA[org.openqa.selenium.SessionNotCreatedException: Could not start a new session. Possible causes are invalid address of the remote server or browser start-up failure.
at org.openqa.selenium.remote.RemoteWebDriver.execute(RemoteWebDriver.java:561)
at org.openqa.selenium.remote.RemoteWebDriver.startSession(RemoteWebDriver.java:230)
at org.openqa.selenium.remote.RemoteWebDriver.<init>(RemoteWebDriver.java:151)
at org.openqa.selenium.chromium.ChromiumDriver.<init>(ChromiumDriver.java:108)
at org.openqa.selenium.chrome.ChromeDriver.<init>(ChromeDriver.java:104)
at org.openqa.selenium.chrome.ChromeDriver.<init>(ChromeDriver.java:91)
at org.openqa.selenium.chrome.ChromeDriver.<init>(ChromeDriver.java:46)
at com.Appmaker.Utility.BrowserFactory.startApplication(BrowserFactory.java:17)
at com.Appmaker.Pages.BaseClass.setup(BaseClass.java:55)
at java.util.ArrayList.forEach(ArrayList.java:1257)
Caused by: org.openqa.selenium.WebDriverException: Timed out waiting for driver server to start.
Build info: version: '4.1.1', revision: 'e8fcc2cecf'
System info: host: 'Sakunthalas-MacBook-Air.local', ip: '2402:d000:a500:69b5:5a7:9cd8:f5de:7f09%en0', os.name: 'Mac OS X', os.arch: 'x86_64', os.version: '10.16', java.version: '1.8.0_171'
Driver info: driver.version: ChromeDriver
at org.openqa.selenium.remote.service.DriverService.start(DriverService.java:230)
at org.openqa.selenium.remote.service.DriverCommandExecutor.execute(DriverCommandExecutor.java:98)
at org.openqa.selenium.remote.RemoteWebDriver.execute(RemoteWebDriver.java:543)
... 34 more
Caused by: java.util.concurrent.ExecutionException: org.openqa.selenium.WebDriverException: Timed out waiting for driver server to start.
Build info: version: '4.1.1', revision: 'e8fcc2cecf'
System info: host: 'Sakunthalas-MacBook-Air.local', ip: '2402:d000:a500:69b5:5a7:9cd8:f5de:7f09%en0', os.name: 'Mac OS X', os.arch: 'x86_64', os.version: '10.16', java.version: '1.8.0_171'
Driver info: driver.version: unknown
at java.util.concurrent.CompletableFuture.reportGet(CompletableFuture.java:357)
at java.util.concurrent.CompletableFuture.get(CompletableFuture.java:1915)
at org.openqa.selenium.remote.service.DriverService.start(DriverService.java:220)
... 36 more
Caused by: org.openqa.selenium.WebDriverException: Timed out waiting for driver server to start.
Build info: version: '4.1.1', revision: 'e8fcc2cecf'
System info: host: 'Sakunthalas-MacBook-Air.local', ip: '2402:d000:a500:69b5:5a7:9cd8:f5de:7f09%en0', os.name: 'Mac OS X', os.arch: 'x86_64', os.version: '10.16', java.version: '1.8.0_171'
Driver info: driver.version: unknown
at org.openqa.selenium.remote.service.DriverService.waitUntilAvailable(DriverService.java:251)
at org.openqa.selenium.remote.service.DriverService.lambda$start$1(DriverService.java:205)
at java.util.concurrent.CompletableFuture$AsyncSupply.run(CompletableFuture.java:1590)
at java.util.concurrent.ThreadPoolExecutor.runWorker(ThreadPoolExecutor.java:1149)
at java.util.concurrent.ThreadPoolExecutor$Worker.run(ThreadPoolExecutor.java:624)
at java.lang.Thread.run(Thread.java:748)
Caused by: org.openqa.selenium.net.UrlChecker$TimeoutException: Timed out waiting for [http://localhost:50668/status] to be available after 20012 ms
at org.openqa.selenium.net.UrlChecker.waitUntilAvailable(UrlChecker.java:89)
at org.openqa.selenium.remote.service.DriverService.waitUntilAvailable(DriverService.java:247)
... 5 more
Caused by: java.util.concurrent.TimeoutException
at java.util.concurrent.FutureTask.get(FutureTask.java:205)
at org.openqa.selenium.net.UrlChecker.waitUntilAvailable(UrlChecker.java:87)
... 6 more
... Removed 25 stack frames]]>
    </failure>
  </testcase> <!-- @BeforeClass setup -->
  <testcase name="@AfterMethod tearDownMethod" time="-1.642764714174E9" classname="com.Appmaker.Pages.BaseClass">
    <skipped/>
  </testcase> <!-- @AfterMethod tearDownMethod -->
  <testcase name="@AfterMethod tearDownMethod" time="-1.642764714198E9" classname="com.Appmaker.Pages.BaseClass">
    <skipped/>
  </testcase> <!-- @AfterMethod tearDownMethod -->
  <testcase name="LogintoApplication" time="0.0" classname="com.Appmaker.TestCases.CRM_Template">
    <skipped/>
  </testcase> <!-- LogintoApplication -->
  <testcase name="createNewCRMapp" time="0.0" classname="com.Appmaker.TestCases.CRM_Template">
    <skipped/>
  </testcase> <!-- createNewCRMapp -->
</testsuite> <!-- Test -->
